Traceback (most recent call last):
  File "/home/boot-nicolas/Documentos/rag_api/rag_api/.venv/lib/python3.13/site-packages/httpx/_transports/default.py", line 101, in map_httpcore_exceptions
    yield
  File "/home/boot-nicolas/Documentos/rag_api/rag_api/.venv/lib/python3.13/site-packages/httpx/_transports/default.py", line 250, in handle_request
    resp = self._pool.handle_request(req)
  File "/home/boot-nicolas/Documentos/rag_api/rag_api/.venv/lib/python3.13/site-packages/httpcore/_sync/connection_pool.py", line 256, in handle_request
    raise exc from None
  File "/home/boot-nicolas/Documentos/rag_api/rag_api/.venv/lib/python3.13/site-packages/httpcore/_sync/connection_pool.py", line 236, in handle_request
    response = connection.handle_request(
        pool_request.request
    )
  File "/home/boot-nicolas/Documentos/rag_api/rag_api/.venv/lib/python3.13/site-packages/httpcore/_sync/connection.py", line 101, in handle_request
    raise exc
  File "/home/boot-nicolas/Documentos/rag_api/rag_api/.venv/lib/python3.13/site-packages/httpcore/_sync/connection.py", line 78, in handle_request
    stream = self._connect(request)
  File "/home/boot-nicolas/Documentos/rag_api/rag_api/.venv/lib/python3.13/site-packages/httpcore/_sync/connection.py", line 124, in _connect
    stream = self._network_backend.connect_tcp(**kwargs)
  File "/home/boot-nicolas/Documentos/rag_api/rag_api/.venv/lib/python3.13/site-packages/httpcore/_backends/sync.py", line 207, in connect_tcp
    with map_exceptions(exc_map):
         ~~~~~~~~~~~~~~^^^^^^^^^
  File "/usr/lib/python3.13/contextlib.py", line 162, in __exit__
    self.gen.throw(value)
    ~~~~~~~~~~~~~~^^^^^^^
  File "/home/boot-nicolas/Documentos/rag_api/rag_api/.venv/lib/python3.13/site-packages/httpcore/_exceptions.py", line 14, in map_exceptions
    raise to_exc(exc) from exc
httpcore.ConnectError: [Errno -3] Temporary failure in name resolution

The above exception was the direct cause of the following exception:

Traceback (most recent call last):
  File "/home/boot-nicolas/Documentos/rag_api/rag_api/embed.py", line 9, in <module>
    collection.add(documents=[text], ids=["k8s"])
    ~~~~~~~~~~~~~~^^^^^^^^^^^^^^^^^^^^^^^^^^^^^^^
  File "/home/boot-nicolas/Documentos/rag_api/rag_api/.venv/lib/python3.13/site-packages/chromadb/api/models/Collection.py", line 88, in add
    add_request = self._validate_and_prepare_add_request(
        ids=ids,
    ...<4 lines>...
        uris=uris,
    )
  File "/home/boot-nicolas/Documentos/rag_api/rag_api/.venv/lib/python3.13/site-packages/chromadb/api/models/CollectionCommon.py", line 103, in wrapper
    return func(self, *args, **kwargs)
  File "/home/boot-nicolas/Documentos/rag_api/rag_api/.venv/lib/python3.13/site-packages/chromadb/api/models/CollectionCommon.py", line 241, in _validate_and_prepare_add_request
    add_embeddings = self._embed_record_set(record_set=add_records)
  File "/home/boot-nicolas/Documentos/rag_api/rag_api/.venv/lib/python3.13/site-packages/chromadb/api/models/CollectionCommon.py", line 724, in _embed_record_set
    return self._embed(
           ~~~~~~~~~~~^
        input=record_set[field],  # type: ignore[literal-required]
        ^^^^^^^^^^^^^^^^^^^^^^^^^^^^^^^^^^^^^^^^^^^^^^^^^^^^^^^^^^
        is_query=is_query,
        ^^^^^^^^^^^^^^^^^^
    )
    ^
  File "/home/boot-nicolas/Documentos/rag_api/rag_api/.venv/lib/python3.13/site-packages/chromadb/api/models/CollectionCommon.py", line 748, in _embed
    return config_ef(input=input)
  File "/home/boot-nicolas/Documentos/rag_api/rag_api/.venv/lib/python3.13/site-packages/chromadb/api/types.py", line 785, in __call__
    result = call(self, input)
  File "/home/boot-nicolas/Documentos/rag_api/rag_api/.venv/lib/python3.13/site-packages/chromadb/api/types.py", line 915, in __call__
    return ONNXMiniLM_L6_V2()(input)
           ~~~~~~~~~~~~~~~~~~^^^^^^^
  File "/home/boot-nicolas/Documentos/rag_api/rag_api/.venv/lib/python3.13/site-packages/chromadb/api/types.py", line 785, in __call__
    result = call(self, input)
  File "/home/boot-nicolas/Documentos/rag_api/rag_api/.venv/lib/python3.13/site-packages/chromadb/utils/embedding_functions/onnx_mini_lm_l6_v2.py", line 270, in __call__
    self._download_model_if_not_exists()
    ~~~~~~~~~~~~~~~~~~~~~~~~~~~~~~~~~~^^
  File "/home/boot-nicolas/Documentos/rag_api/rag_api/.venv/lib/python3.13/site-packages/chromadb/utils/embedding_functions/onnx_mini_lm_l6_v2.py", line 308, in _download_model_if_not_exists
    self._download(
    ~~~~~~~~~~~~~~^
        url=self.MODEL_DOWNLOAD_URL,
        ^^^^^^^^^^^^^^^^^^^^^^^^^^^^
        fname=os.path.join(self.DOWNLOAD_PATH, self.ARCHIVE_FILENAME),
        ^^^^^^^^^^^^^^^^^^^^^^^^^^^^^^^^^^^^^^^^^^^^^^^^^^^^^^^^^^^^^^
    )
    ^
  File "/home/boot-nicolas/Documentos/rag_api/rag_api/.venv/lib/python3.13/site-packages/tenacity/__init__.py", line 338, in wrapped_f
    return copy(f, *args, **kw)
  File "/home/boot-nicolas/Documentos/rag_api/rag_api/.venv/lib/python3.13/site-packages/tenacity/__init__.py", line 477, in __call__
    do = self.iter(retry_state=retry_state)
  File "/home/boot-nicolas/Documentos/rag_api/rag_api/.venv/lib/python3.13/site-packages/tenacity/__init__.py", line 378, in iter
    result = action(retry_state)
  File "/home/boot-nicolas/Documentos/rag_api/rag_api/.venv/lib/python3.13/site-packages/tenacity/__init__.py", line 400, in <lambda>
    self._add_action_func(lambda rs: rs.outcome.result())
                                     ~~~~~~~~~~~~~~~~~^^
  File "/usr/lib/python3.13/concurrent/futures/_base.py", line 449, in result
    return self.__get_result()
           ~~~~~~~~~~~~~~~~~^^
  File "/usr/lib/python3.13/concurrent/futures/_base.py", line 401, in __get_result
    raise self._exception
  File "/home/boot-nicolas/Documentos/rag_api/rag_api/.venv/lib/python3.13/site-packages/tenacity/__init__.py", line 480, in __call__
    result = fn(*args, **kwargs)
  File "/home/boot-nicolas/Documentos/rag_api/rag_api/.venv/lib/python3.13/site-packages/chromadb/utils/embedding_functions/onnx_mini_lm_l6_v2.py", line 107, in _download
    with httpx.stream("GET", url) as resp:
         ~~~~~~~~~~~~^^^^^^^^^^^^
  File "/usr/lib/python3.13/contextlib.py", line 141, in __enter__
    return next(self.gen)
  File "/home/boot-nicolas/Documentos/rag_api/rag_api/.venv/lib/python3.13/site-packages/httpx/_api.py", line 159, in stream
    with client.stream(
         ~~~~~~~~~~~~~^
        method=method,
        ^^^^^^^^^^^^^^
    ...<8 lines>...
        follow_redirects=follow_redirects,
        ^^^^^^^^^^^^^^^^^^^^^^^^^^^^^^^^^^
    ) as response:
    ^
  File "/usr/lib/python3.13/contextlib.py", line 141, in __enter__
    return next(self.gen)
  File "/home/boot-nicolas/Documentos/rag_api/rag_api/.venv/lib/python3.13/site-packages/httpx/_client.py", line 868, in stream
    response = self.send(
        request=request,
    ...<2 lines>...
        stream=True,
    )
  File "/home/boot-nicolas/Documentos/rag_api/rag_api/.venv/lib/python3.13/site-packages/httpx/_client.py", line 914, in send
    response = self._send_handling_auth(
        request,
    ...<2 lines>...
        history=[],
    )
  File "/home/boot-nicolas/Documentos/rag_api/rag_api/.venv/lib/python3.13/site-packages/httpx/_client.py", line 942, in _send_handling_auth
    response = self._send_handling_redirects(
        request,
        follow_redirects=follow_redirects,
        history=history,
    )
  File "/home/boot-nicolas/Documentos/rag_api/rag_api/.venv/lib/python3.13/site-packages/httpx/_client.py", line 979, in _send_handling_redirects
    response = self._send_single_request(request)
  File "/home/boot-nicolas/Documentos/rag_api/rag_api/.venv/lib/python3.13/site-packages/httpx/_client.py", line 1014, in _send_single_request
    response = transport.handle_request(request)
  File "/home/boot-nicolas/Documentos/rag_api/rag_api/.venv/lib/python3.13/site-packages/httpx/_transports/default.py", line 249, in handle_request
    with map_httpcore_exceptions():
         ~~~~~~~~~~~~~~~~~~~~~~~^^
  File "/usr/lib/python3.13/contextlib.py", line 162, in __exit__
    self.gen.throw(value)
    ~~~~~~~~~~~~~~^^^^^^^
  File "/home/boot-nicolas/Documentos/rag_api/rag_api/.venv/lib/python3.13/site-packages/httpx/_transports/default.py", line 118, in map_httpcore_exceptions
    raise mapped_exc(message) from exc
httpx.ConnectError: [Errno -3] Temporary failure in name resolution in add.